[0.010s] Invoking command in '/home/chart/Dev/dev_ws/src/cpp_pubsub/build/cpp_pubsub': CMAKE_PREFIX_PATH=/opt/ros/foxy /usr/bin/cmake /home/chart/Dev/dev_ws/src/cpp_pubsub -DCMAKE_INSTALL_PREFIX=/home/chart/Dev/dev_ws/src/cpp_pubsub/install/cpp_pubsub
[0.054s] -- The C compiler identification is GNU 8.4.0
[0.095s] -- The CXX compiler identification is GNU 8.4.0
[0.099s] -- Check for working C compiler: /usr/bin/cc
[0.150s] -- Check for working C compiler: /usr/bin/cc -- works
[0.150s] -- Detecting C compiler ABI info
[0.200s] -- Detecting C compiler ABI info - done
[0.210s] -- Detecting C compile features
[0.210s] -- Detecting C compile features - done
[0.212s] -- Check for working CXX compiler: /usr/bin/c++
[0.270s] -- Check for working CXX compiler: /usr/bin/c++ -- works
[0.271s] -- Detecting CXX compiler ABI info
[0.330s] -- Detecting CXX compiler ABI info - done
[0.340s] -- Detecting CXX compile features
[0.341s] -- Detecting CXX compile features - done
[0.342s] -- Found ament_cmake: 0.9.7 (/opt/ros/foxy/share/ament_cmake/cmake)
[0.360s] -- Found PythonInterp: /usr/bin/python3 (found suitable version "3.8.5", minimum required is "3") 
[0.360s] -- Using PYTHON_EXECUTABLE: /usr/bin/python3
[0.511s] -- Found rclcpp: 2.2.0 (/opt/ros/foxy/share/rclcpp/cmake)
[0.536s] -- Using all available rosidl_typesupport_c: rosidl_typesupport_fastrtps_c;rosidl_typesupport_introspection_c
[0.541s] -- Found rosidl_adapter: 1.1.0 (/opt/ros/foxy/share/rosidl_adapter/cmake)
[0.599s] -- Found OpenSSL: /usr/lib/x86_64-linux-gnu/libcrypto.so (found version "1.1.1f")  
[0.621s] -- Found FastRTPS: /opt/ros/foxy/include  
[0.683s] -- Using all available rosidl_typesupport_cpp: rosidl_typesupport_fastrtps_cpp;rosidl_typesupport_introspection_cpp
[0.726s] -- Found rmw_implementation_cmake: 1.0.2 (/opt/ros/foxy/share/rmw_implementation_cmake/cmake)
[0.728s] -- Using RMW implementation 'rmw_cyclonedds_cpp' as default
[0.728s] -- Looking for pthread.h
[0.783s] -- Looking for pthread.h - found
[0.783s] -- Performing Test CMAKE_HAVE_LIBC_PTHREAD
[0.836s] -- Performing Test CMAKE_HAVE_LIBC_PTHREAD - Failed
[0.836s] -- Looking for pthread_create in pthreads
[0.882s] -- Looking for pthread_create in pthreads - not found
[0.882s] -- Looking for pthread_create in pthread
[0.950s] -- Looking for pthread_create in pthread - found
[0.951s] -- Found Threads: TRUE  
[1.087s] CMake Error at CMakeLists.txt:22 (find_package):
[1.087s]   By not providing "Findtutorial_interfaces.cmake" in CMAKE_MODULE_PATH this
[1.087s]   project has asked CMake to find a package configuration file provided by
[1.087s]   "tutorial_interfaces", but CMake did not find one.
[1.087s] 
[1.087s]   Could not find a package configuration file provided by
[1.087s]   "tutorial_interfaces" with any of the following names:
[1.087s] 
[1.087s]     tutorial_interfacesConfig.cmake
[1.087s]     tutorial_interfaces-config.cmake
[1.087s] 
[1.087s]   Add the installation prefix of "tutorial_interfaces" to CMAKE_PREFIX_PATH
[1.087s]   or set "tutorial_interfaces_DIR" to a directory containing one of the above
[1.087s]   files.  If "tutorial_interfaces" provides a separate development package or
[1.087s]   SDK, be sure it has been installed.
[1.087s] 
[1.088s] 
[1.088s] -- Configuring incomplete, errors occurred!
[1.088s] See also "/home/chart/Dev/dev_ws/src/cpp_pubsub/build/cpp_pubsub/CMakeFiles/CMakeOutput.log".
[1.088s] See also "/home/chart/Dev/dev_ws/src/cpp_pubsub/build/cpp_pubsub/CMakeFiles/CMakeError.log".
[1.093s] Invoked command in '/home/chart/Dev/dev_ws/src/cpp_pubsub/build/cpp_pubsub' returned '1': CMAKE_PREFIX_PATH=/opt/ros/foxy /usr/bin/cmake /home/chart/Dev/dev_ws/src/cpp_pubsub -DCMAKE_INSTALL_PREFIX=/home/chart/Dev/dev_ws/src/cpp_pubsub/install/cpp_pubsub
