[0.010s] Invoking command in '/home/chart/Dev/dev_ws/src/cpp_pubsub/build/cpp_pubsub': /usr/bin/cmake /home/chart/Dev/dev_ws/src/cpp_pubsub -DCMAKE_INSTALL_PREFIX=/home/chart/Dev/dev_ws/src/cpp_pubsub/install/cpp_pubsub
[0.050s] -- The C compiler identification is GNU 8.4.0
[0.088s] -- The CXX compiler identification is GNU 8.4.0
[0.092s] -- Check for working C compiler: /usr/bin/cc
[0.142s] -- Check for working C compiler: /usr/bin/cc -- works
[0.143s] -- Detecting C compiler ABI info
[0.191s] -- Detecting C compiler ABI info - done
[0.201s] -- Detecting C compile features
[0.201s] -- Detecting C compile features - done
[0.203s] -- Check for working CXX compiler: /usr/bin/c++
[0.260s] -- Check for working CXX compiler: /usr/bin/c++ -- works
[0.261s] -- Detecting CXX compiler ABI info
[0.318s] -- Detecting CXX compiler ABI info - done
[0.328s] -- Detecting CXX compile features
[0.329s] -- Detecting CXX compile features - done
[0.337s] CMake Error at CMakeLists.txt:19 (find_package):
[0.337s]   By not providing "Findament_cmake.cmake" in CMAKE_MODULE_PATH this project
[0.337s]   has asked CMake to find a package configuration file provided by
[0.337s]   "ament_cmake", but CMake did not find one.
[0.337s] 
[0.337s]   Could not find a package configuration file provided by "ament_cmake" with
[0.337s]   any of the following names:
[0.337s] 
[0.337s]     ament_cmakeConfig.cmake
[0.337s]     ament_cmake-config.cmake
[0.337s] 
[0.338s]   Add the installation prefix of "ament_cmake" to CMAKE_PREFIX_PATH or set
[0.338s]   "ament_cmake_DIR" to a directory containing one of the above files.  If
[0.338s]   "ament_cmake" provides a separate development package or SDK, be sure it
[0.338s]   has been installed.
[0.338s] 
[0.338s] 
[0.338s] -- Configuring incomplete, errors occurred!
[0.338s] See also "/home/chart/Dev/dev_ws/src/cpp_pubsub/build/cpp_pubsub/CMakeFiles/CMakeOutput.log".
[0.339s] Invoked command in '/home/chart/Dev/dev_ws/src/cpp_pubsub/build/cpp_pubsub' returned '1': /usr/bin/cmake /home/chart/Dev/dev_ws/src/cpp_pubsub -DCMAKE_INSTALL_PREFIX=/home/chart/Dev/dev_ws/src/cpp_pubsub/install/cpp_pubsub
