[0.011s] Invoking command in '/home/chart/Dev/dev_ws/src/cpp_pubsub/build/cpp_pubsub': /usr/bin/cmake /home/chart/Dev/dev_ws/src/cpp_pubsub -DAMENT_CMAKE_SYMLINK_INSTALL=1 -DCMAKE_INSTALL_PREFIX=/home/chart/Dev/dev_ws/src/cpp_pubsub/install/cpp_pubsub
[0.053s] -- The C compiler identification is GNU 8.4.0
[0.097s] -- The CXX compiler identification is GNU 8.4.0
[0.101s] -- Check for working C compiler: /usr/bin/cc
[0.158s] -- Check for working C compiler: /usr/bin/cc -- works
[0.159s] -- Detecting C compiler ABI info
[0.209s] -- Detecting C compiler ABI info - done
[0.219s] -- Detecting C compile features
[0.219s] -- Detecting C compile features - done
[0.221s] -- Check for working CXX compiler: /usr/bin/c++
[0.277s] -- Check for working CXX compiler: /usr/bin/c++ -- works
[0.278s] -- Detecting CXX compiler ABI info
[0.337s] -- Detecting CXX compiler ABI info - done
[0.347s] -- Detecting CXX compile features
[0.347s] -- Detecting CXX compile features - done
[0.356s] CMake Error at CMakeLists.txt:19 (find_package):
[0.356s]   By not providing "Findament_cmake.cmake" in CMAKE_MODULE_PATH this project
[0.356s]   has asked CMake to find a package configuration file provided by
[0.356s]   "ament_cmake", but CMake did not find one.
[0.356s] 
[0.356s]   Could not find a package configuration file provided by "ament_cmake" with
[0.356s]   any of the following names:
[0.357s] 
[0.357s]     ament_cmakeConfig.cmake
[0.357s]     ament_cmake-config.cmake
[0.357s] 
[0.357s]   Add the installation prefix of "ament_cmake" to CMAKE_PREFIX_PATH or set
[0.357s]   "ament_cmake_DIR" to a directory containing one of the above files.  If
[0.357s]   "ament_cmake" provides a separate development package or SDK, be sure it
[0.357s]   has been installed.
[0.357s] 
[0.357s] 
[0.357s] -- Configuring incomplete, errors occurred!
[0.358s] See also "/home/chart/Dev/dev_ws/src/cpp_pubsub/build/cpp_pubsub/CMakeFiles/CMakeOutput.log".
[0.360s] Invoked command in '/home/chart/Dev/dev_ws/src/cpp_pubsub/build/cpp_pubsub' returned '1': /usr/bin/cmake /home/chart/Dev/dev_ws/src/cpp_pubsub -DAMENT_CMAKE_SYMLINK_INSTALL=1 -DCMAKE_INSTALL_PREFIX=/home/chart/Dev/dev_ws/src/cpp_pubsub/install/cpp_pubsub
