[0.000000] (-) TimerEvent: {}
[0.001149] (cpp_pubsub) JobQueued: {'identifier': 'cpp_pubsub', 'dependencies': OrderedDict()}
[0.001209] (cpp_pubsub) JobStarted: {'identifier': 'cpp_pubsub'}
[0.011610] (cpp_pubsub) JobProgress: {'identifier': 'cpp_pubsub', 'progress': 'cmake'}
[0.012280] (cpp_pubsub) Command: {'cmd': ['/usr/bin/cmake', '/home/chart/Dev/dev_ws/src/cpp_pubsub', '-DAMENT_CMAKE_SYMLINK_INSTALL=1', '-DCMAKE_INSTALL_PREFIX=/home/chart/Dev/dev_ws/src/cpp_pubsub/install/cpp_pubsub'], 'cwd': '/home/chart/Dev/dev_ws/src/cpp_pubsub/build/cpp_pubsub', 'env': OrderedDict([('GJS_DEBUG_TOPICS', 'JS ERROR;JS LOG'), ('LESSOPEN', '| /usr/bin/lesspipe %s'), ('LANGUAGE', 'en_SG:en'), ('USER', 'chart'), ('SSH_AGENT_PID', '1928'), ('XDG_SESSION_TYPE', 'x11'), ('GIT_ASKPASS', '/snap/code/50/usr/share/code/resources/app/extensions/git/dist/askpass.sh'), ('SHLVL', '0'), ('HOME', '/home/chart'), ('CHROME_DESKTOP', 'code-url-handler.desktop'), ('CYCLONEDDS_URI', 'file:///home/chart/cyclonedds.xml'), ('DESKTOP_SESSION', 'ubuntu'), ('TERM_PROGRAM_VERSION', '1.51.1'), ('GIO_LAUNCHED_DESKTOP_FILE', '/var/lib/snapd/desktop/applications/code_code.desktop'), ('GNOME_SHELL_SESSION_MODE', 'ubuntu'), ('GTK_MODULES', 'gail:atk-bridge'), ('APPLICATION_INSIGHTS_NO_DIAGNOSTIC_CHANNEL', 'true'), ('VSCODE_GIT_ASKPASS_MAIN', '/snap/code/50/usr/share/code/resources/app/extensions/git/dist/askpass-main.js'), ('MANAGERPID', '1711'), ('VSCODE_GIT_ASKPASS_NODE', '/snap/code/50/usr/share/code/code'), ('DBUS_SESSION_BUS_ADDRESS', 'unix:path=/run/user/1000/bus'), ('GIO_LAUNCHED_DESKTOP_FILE_PID', '11499'), ('COLORTERM', 'truecolor'), ('IM_CONFIG_PHASE', '1'), ('LOGNAME', 'chart'), ('JOURNAL_STREAM', '9:42920'), ('_', '/snap/code/50/usr/share/code/code'), ('XDG_SESSION_CLASS', 'user'), ('USERNAME', 'chart'), ('TERM', 'xterm-256color'), ('GNOME_DESKTOP_SESSION_ID', 'this-is-deprecated'), ('WINDOWPATH', '2'), ('PATH', '/home/chart/.local/bin:/home/chart/.local/bin:/usr/local/sbin:/usr/local/bin:/usr/sbin:/usr/bin:/sbin:/bin:/usr/games:/usr/local/games:/snap/bin'), ('SESSION_MANAGER', 'local/chart-P95-96-97Ex-Rx:@/tmp/.ICE-unix/1963,unix/chart-P95-96-97Ex-Rx:/tmp/.ICE-unix/1963'), ('INVOCATION_ID', '2dfe120c0f804dcebb8310619c8d6586'), ('XDG_MENU_PREFIX', 'gnome-'), ('BAMF_DESKTOP_FILE_HINT', '/var/lib/snapd/desktop/applications/code_code.desktop'), ('XDG_RUNTIME_DIR', '/run/user/1000/snap.code'), ('DISPLAY', ':1'), ('LANG', 'en_US.UTF-8'), ('XDG_CURRENT_DESKTOP', 'Unity'), ('RMW_IMPLEMENTATION', 'rmw_cyclonedds_cpp'), ('XMODIFIERS', '@im=ibus'), ('XDG_SESSION_DESKTOP', 'ubuntu'), ('XAUTHORITY', '/run/user/1000/gdm/Xauthority'), ('TERM_PROGRAM', 'vscode'), ('VSCODE_GIT_IPC_HANDLE', '/run/user/1000/snap.code/vscode-git-6adf2147e9.sock'), ('SSH_AUTH_SOCK', '/run/user/1000/keyring/ssh'), ('GSETTINGS_SCHEMA_DIR', '/snap/code/50/usr/share/glib-2.0/schemas'), ('ORIGINAL_XDG_CURRENT_DESKTOP', 'ubuntu:GNOME'), ('SHELL', '/bin/bash'), ('DISABLE_WAYLAND', '1'), ('QT_ACCESSIBILITY', '1'), ('GDMSESSION', 'ubuntu'), ('ROS_MASTER_URI', 'http://magni45.local:11311'), ('LESSCLOSE', '/usr/bin/lesspipe %s %s'), ('GPG_AGENT_INFO', '/run/user/1000/gnupg/S.gpg-agent:0:1'), ('GJS_DEBUG_OUTPUT', 'stderr'), ('QT_IM_MODULE', 'ibus'), ('PWD', '/home/chart/Dev/dev_ws/src/cpp_pubsub/build/cpp_pubsub'), ('LC_ALL', 'en_US.UTF-8'), ('XDG_CONFIG_DIRS', '/etc/xdg/xdg-ubuntu:/etc/xdg'), ('XDG_DATA_DIRS', '/usr/share/ubuntu:/usr/local/share/:/usr/share/:/var/lib/snapd/desktop'), ('COLCON', '1'), ('EDITOR', 'vim')]), 'shell': False}
[0.033220] (cpp_pubsub) StderrLine: {'line': b'CMake Error at CMakeLists.txt:19 (find_package):\n'}
[0.033460] (cpp_pubsub) StderrLine: {'line': b'  By not providing "Findament_cmake.cmake" in CMAKE_MODULE_PATH this project\n'}
[0.033542] (cpp_pubsub) StderrLine: {'line': b'  has asked CMake to find a package configuration file provided by\n'}
[0.033601] (cpp_pubsub) StderrLine: {'line': b'  "ament_cmake", but CMake did not find one.\n'}
[0.033656] (cpp_pubsub) StderrLine: {'line': b'\n'}
[0.033709] (cpp_pubsub) StderrLine: {'line': b'  Could not find a package configuration file provided by "ament_cmake" with\n'}
[0.033768] (cpp_pubsub) StderrLine: {'line': b'  any of the following names:\n'}
[0.033820] (cpp_pubsub) StderrLine: {'line': b'\n'}
[0.033872] (cpp_pubsub) StderrLine: {'line': b'    ament_cmakeConfig.cmake\n'}
[0.033924] (cpp_pubsub) StderrLine: {'line': b'    ament_cmake-config.cmake\n'}
[0.034026] (cpp_pubsub) StderrLine: {'line': b'\n'}
[0.034079] (cpp_pubsub) StderrLine: {'line': b'  Add the installation prefix of "ament_cmake" to CMAKE_PREFIX_PATH or set\n'}
[0.034132] (cpp_pubsub) StderrLine: {'line': b'  "ament_cmake_DIR" to a directory containing one of the above files.  If\n'}
[0.034188] (cpp_pubsub) StderrLine: {'line': b'  "ament_cmake" provides a separate development package or SDK, be sure it\n'}
[0.034243] (cpp_pubsub) StderrLine: {'line': b'  has been installed.\n'}
[0.034373] (cpp_pubsub) StderrLine: {'line': b'\n'}
[0.034722] (cpp_pubsub) StderrLine: {'line': b'\n'}
[0.034927] (cpp_pubsub) StdoutLine: {'line': b'-- Configuring incomplete, errors occurred!\n'}
[0.035258] (cpp_pubsub) StdoutLine: {'line': b'See also "/home/chart/Dev/dev_ws/src/cpp_pubsub/build/cpp_pubsub/CMakeFiles/CMakeOutput.log".\n'}
[0.035340] (cpp_pubsub) CommandEnded: {'returncode': 1}
[0.052403] (cpp_pubsub) JobEnded: {'identifier': 'cpp_pubsub', 'rc': 1}
[0.062954] (-) EventReactorShutdown: {}
