[0.009s] Invoking command in '/home/chart/Dev/dev_ws/src/cpp_pubsub/build/cpp_pubsub': CMAKE_PREFIX_PATH=/opt/ros/foxy /usr/bin/cmake /home/chart/Dev/dev_ws/src/cpp_pubsub -DCMAKE_INSTALL_PREFIX=/home/chart/Dev/dev_ws/src/cpp_pubsub/install/cpp_pubsub
[0.023s] -- Found ament_cmake: 0.9.7 (/opt/ros/foxy/share/ament_cmake/cmake)
[0.040s] -- Found PythonInterp: /usr/bin/python3 (found suitable version "3.8.5", minimum required is "3") 
[0.040s] -- Using PYTHON_EXECUTABLE: /usr/bin/python3
[0.173s] -- Override CMake install command with custom implementation using symlinks instead of copying resources
[0.190s] -- Found rclcpp: 2.2.0 (/opt/ros/foxy/share/rclcpp/cmake)
[0.214s] -- Using all available rosidl_typesupport_c: rosidl_typesupport_fastrtps_c;rosidl_typesupport_introspection_c
[0.219s] -- Found rosidl_adapter: 1.1.0 (/opt/ros/foxy/share/rosidl_adapter/cmake)
[0.277s] -- Found OpenSSL: /usr/lib/x86_64-linux-gnu/libcrypto.so (found version "1.1.1f")  
[0.299s] -- Found FastRTPS: /opt/ros/foxy/include  
[0.361s] -- Using all available rosidl_typesupport_cpp: rosidl_typesupport_fastrtps_cpp;rosidl_typesupport_introspection_cpp
[0.404s] -- Found rmw_implementation_cmake: 1.0.2 (/opt/ros/foxy/share/rmw_implementation_cmake/cmake)
[0.405s] -- Using RMW implementation 'rmw_cyclonedds_cpp' as default
[0.407s] -- Looking for pthread.h
[0.462s] -- Looking for pthread.h - found
[0.462s] -- Performing Test CMAKE_HAVE_LIBC_PTHREAD
[0.521s] -- Performing Test CMAKE_HAVE_LIBC_PTHREAD - Failed
[0.521s] -- Looking for pthread_create in pthreads
[0.583s] -- Looking for pthread_create in pthreads - not found
[0.583s] -- Looking for pthread_create in pthread
[0.664s] -- Looking for pthread_create in pthread - found
[0.666s] -- Found Threads: TRUE  
[0.849s] -- Configuring done
[0.861s] -- Generating done
[0.863s] -- Build files have been written to: /home/chart/Dev/dev_ws/src/cpp_pubsub/build/cpp_pubsub
[0.870s] Invoked command in '/home/chart/Dev/dev_ws/src/cpp_pubsub/build/cpp_pubsub' returned '0': CMAKE_PREFIX_PATH=/opt/ros/foxy /usr/bin/cmake /home/chart/Dev/dev_ws/src/cpp_pubsub -DCMAKE_INSTALL_PREFIX=/home/chart/Dev/dev_ws/src/cpp_pubsub/install/cpp_pubsub
[0.872s] Invoking command in '/home/chart/Dev/dev_ws/src/cpp_pubsub/build/cpp_pubsub': CMAKE_PREFIX_PATH=/opt/ros/foxy /usr/bin/cmake --build /home/chart/Dev/dev_ws/src/cpp_pubsub/build/cpp_pubsub -- -j12 -l12
[0.903s] [35m[1mScanning dependencies of target listener[0m
[0.903s] [35m[1mScanning dependencies of target talker[0m
[0.931s] [ 25%] [32mBuilding CXX object CMakeFiles/talker.dir/src/publisher_member_function.cpp.o[0m
[0.933s] [ 50%] [32mBuilding CXX object CMakeFiles/listener.dir/src/subscriber_member_function.cpp.o[0m
[2.876s] [ 75%] [32m[1mLinking CXX executable talker[0m
[3.002s] [ 75%] Built target talker
[4.124s] [100%] [32m[1mLinking CXX executable listener[0m
[4.326s] [100%] Built target listener
[4.334s] Invoked command in '/home/chart/Dev/dev_ws/src/cpp_pubsub/build/cpp_pubsub' returned '0': CMAKE_PREFIX_PATH=/opt/ros/foxy /usr/bin/cmake --build /home/chart/Dev/dev_ws/src/cpp_pubsub/build/cpp_pubsub -- -j12 -l12
[4.361s] Invoking command in '/home/chart/Dev/dev_ws/src/cpp_pubsub/build/cpp_pubsub': CMAKE_PREFIX_PATH=/opt/ros/foxy /usr/bin/cmake --install /home/chart/Dev/dev_ws/src/cpp_pubsub/build/cpp_pubsub
[4.367s] -- Install configuration: ""
[4.368s] -- Execute custom install script
[4.368s] -- Symlinking: /home/chart/Dev/dev_ws/src/cpp_pubsub/install/cpp_pubsub/lib/cpp_pubsub/talker
[4.375s] -- Symlinking: /home/chart/Dev/dev_ws/src/cpp_pubsub/install/cpp_pubsub/lib/cpp_pubsub/listener
[4.381s] -- Symlinking: /home/chart/Dev/dev_ws/src/cpp_pubsub/install/cpp_pubsub/share/ament_index/resource_index/package_run_dependencies/cpp_pubsub
[4.388s] -- Symlinking: /home/chart/Dev/dev_ws/src/cpp_pubsub/install/cpp_pubsub/share/ament_index/resource_index/parent_prefix_path/cpp_pubsub
[4.395s] -- Symlinking: /home/chart/Dev/dev_ws/src/cpp_pubsub/install/cpp_pubsub/share/cpp_pubsub/environment/ament_prefix_path.sh
[4.401s] -- Symlinking: /home/chart/Dev/dev_ws/src/cpp_pubsub/install/cpp_pubsub/share/cpp_pubsub/environment/ament_prefix_path.dsv
[4.408s] -- Symlinking: /home/chart/Dev/dev_ws/src/cpp_pubsub/install/cpp_pubsub/share/cpp_pubsub/environment/path.sh
[4.414s] -- Symlinking: /home/chart/Dev/dev_ws/src/cpp_pubsub/install/cpp_pubsub/share/cpp_pubsub/environment/path.dsv
[4.421s] -- Symlinking: /home/chart/Dev/dev_ws/src/cpp_pubsub/install/cpp_pubsub/share/cpp_pubsub/local_setup.bash
[4.428s] -- Symlinking: /home/chart/Dev/dev_ws/src/cpp_pubsub/install/cpp_pubsub/share/cpp_pubsub/local_setup.sh
[4.435s] -- Symlinking: /home/chart/Dev/dev_ws/src/cpp_pubsub/install/cpp_pubsub/share/cpp_pubsub/local_setup.zsh
[4.441s] -- Symlinking: /home/chart/Dev/dev_ws/src/cpp_pubsub/install/cpp_pubsub/share/cpp_pubsub/local_setup.dsv
[4.448s] -- Symlinking: /home/chart/Dev/dev_ws/src/cpp_pubsub/install/cpp_pubsub/share/cpp_pubsub/package.dsv
[4.455s] -- Symlinking: /home/chart/Dev/dev_ws/src/cpp_pubsub/install/cpp_pubsub/share/ament_index/resource_index/packages/cpp_pubsub
[4.462s] -- Symlinking: /home/chart/Dev/dev_ws/src/cpp_pubsub/install/cpp_pubsub/share/cpp_pubsub/cmake/cpp_pubsubConfig.cmake
[4.469s] -- Symlinking: /home/chart/Dev/dev_ws/src/cpp_pubsub/install/cpp_pubsub/share/cpp_pubsub/cmake/cpp_pubsubConfig-version.cmake
[4.477s] -- Symlinking: /home/chart/Dev/dev_ws/src/cpp_pubsub/install/cpp_pubsub/share/cpp_pubsub/package.xml
[4.486s] Invoked command in '/home/chart/Dev/dev_ws/src/cpp_pubsub/build/cpp_pubsub' returned '0': CMAKE_PREFIX_PATH=/opt/ros/foxy /usr/bin/cmake --install /home/chart/Dev/dev_ws/src/cpp_pubsub/build/cpp_pubsub
