[0.011s] Invoking command in '/home/chart/Dev/dev_ws/src/cpp_pubsub/build/cpp_pubsub': /usr/bin/cmake /home/chart/Dev/dev_ws/src/cpp_pubsub -DAMENT_CMAKE_SYMLINK_INSTALL=1 -DCMAKE_INSTALL_PREFIX=/home/chart/Dev/dev_ws/src/cpp_pubsub/install/cpp_pubsub
[0.030s] CMake Error at CMakeLists.txt:19 (find_package):
[0.031s]   By not providing "Findament_cmake.cmake" in CMAKE_MODULE_PATH this project
[0.031s]   has asked CMake to find a package configuration file provided by
[0.031s]   "ament_cmake", but CMake did not find one.
[0.031s] 
[0.031s]   Could not find a package configuration file provided by "ament_cmake" with
[0.031s]   any of the following names:
[0.031s] 
[0.031s]     ament_cmakeConfig.cmake
[0.031s]     ament_cmake-config.cmake
[0.031s] 
[0.031s]   Add the installation prefix of "ament_cmake" to CMAKE_PREFIX_PATH or set
[0.031s]   "ament_cmake_DIR" to a directory containing one of the above files.  If
[0.032s]   "ament_cmake" provides a separate development package or SDK, be sure it
[0.032s]   has been installed.
[0.032s] 
[0.032s] 
[0.033s] -- Configuring incomplete, errors occurred!
[0.033s] See also "/home/chart/Dev/dev_ws/src/cpp_pubsub/build/cpp_pubsub/CMakeFiles/CMakeOutput.log".
[0.033s] Invoked command in '/home/chart/Dev/dev_ws/src/cpp_pubsub/build/cpp_pubsub' returned '1': /usr/bin/cmake /home/chart/Dev/dev_ws/src/cpp_pubsub -DAMENT_CMAKE_SYMLINK_INSTALL=1 -DCMAKE_INSTALL_PREFIX=/home/chart/Dev/dev_ws/src/cpp_pubsub/install/cpp_pubsub
