[0.112s] DEBUG:colcon:Command line arguments: ['/usr/bin/colcon', 'build', '--symlink-install', '--packages-select', 'cpp_pubsub']
[0.112s] DEBUG:colcon:Parsed command line arguments: Namespace(ament_cmake_args=None, base_paths=['.'], build_base='build', catkin_cmake_args=None, catkin_skip_building_tests=False, cmake_args=None, cmake_clean_cache=False, cmake_clean_first=False, cmake_force_configure=False, cmake_target=None, cmake_target_skip_unavailable=False, continue_on_error=False, event_handlers=None, executor='parallel', ignore_user_meta=False, install_base='install', log_base=None, log_level=None, main=<bound method BuildVerb.main of <colcon_core.verb.build.BuildVerb object at 0x7f100a744310>>, merge_install=False, metas=['./colcon.meta'], packages_above=None, packages_above_and_dependencies=None, packages_above_depth=None, packages_end=None, packages_ignore=None, packages_ignore_regex=None, packages_select=['cpp_pubsub'], packages_select_build_failed=False, packages_select_by_dep=None, packages_select_regex=None, packages_select_test_failures=False, packages_skip=None, packages_skip_build_finished=False, packages_skip_by_dep=None, packages_skip_regex=None, packages_skip_test_passed=False, packages_skip_up_to=None, packages_start=None, packages_up_to=None, packages_up_to_regex=None, parallel_workers=12, paths=None, symlink_install=True, test_result_base=None, verb_extension=<colcon_core.verb.build.BuildVerb object at 0x7f100a744310>, verb_name='build', verb_parser=<colcon_defaults.argument_parser.defaults.DefaultArgumentsDecorator object at 0x7f100a744850>)
[0.117s] Level 1:colcon.colcon_core.package_discovery:discover_packages(colcon_meta) check parameters
[0.117s] Level 1:colcon.colcon_core.package_discovery:discover_packages(recursive) check parameters
[0.117s] Level 1:colcon.colcon_core.package_discovery:discover_packages(ignore) check parameters
[0.117s] Level 1:colcon.colcon_core.package_discovery:discover_packages(path) check parameters
[0.117s] Level 1:colcon.colcon_core.package_discovery:discover_packages(colcon_meta) discover
[0.117s] Level 1:colcon.colcon_core.package_discovery:discover_packages(recursive) discover
[0.117s] INFO:colcon.colcon_core.package_discovery:Crawling recursively for packages in '/home/chart/Dev/dev_ws/src/cpp_pubsub'
[0.117s] Level 1:colcon.colcon_core.package_identification:_identify(.) by extensions ['ignore', 'ignore_ament_install']
[0.118s] Level 1:colcon.colcon_core.package_identification:_identify(.) by extension 'ignore'
[0.118s] Level 1:colcon.colcon_core.package_identification:_identify(.) by extension 'ignore_ament_install'
[0.118s] Level 1:colcon.colcon_core.package_identification:_identify(.) by extensions ['colcon_pkg']
[0.118s] Level 1:colcon.colcon_core.package_identification:_identify(.) by extension 'colcon_pkg'
[0.118s] Level 1:colcon.colcon_core.package_identification:_identify(.) by extensions ['colcon_meta']
[0.118s] Level 1:colcon.colcon_core.package_identification:_identify(.) by extension 'colcon_meta'
[0.118s] Level 1:colcon.colcon_core.package_identification:_identify(.) by extensions ['ros']
[0.118s] Level 1:colcon.colcon_core.package_identification:_identify(.) by extension 'ros'
[0.128s] DEBUG:colcon.colcon_core.package_identification:Package '.' with type 'ros.ament_cmake' and name 'cpp_pubsub'
[0.128s] Level 1:colcon.colcon_core.package_discovery:discover_packages(recursive) using defaults
[0.128s] Level 1:colcon.colcon_core.package_discovery:discover_packages(ignore) discover
[0.128s] Level 1:colcon.colcon_core.package_discovery:discover_packages(ignore) using defaults
[0.128s] Level 1:colcon.colcon_core.package_discovery:discover_packages(path) discover
[0.128s] Level 1:colcon.colcon_core.package_discovery:discover_packages(path) using defaults
[0.145s] Level 5:colcon.colcon_core.verb:set package 'cpp_pubsub' build argument 'cmake_args' from command line to 'None'
[0.145s] Level 5:colcon.colcon_core.verb:set package 'cpp_pubsub' build argument 'cmake_target' from command line to 'None'
[0.145s] Level 5:colcon.colcon_core.verb:set package 'cpp_pubsub' build argument 'cmake_target_skip_unavailable' from command line to 'False'
[0.145s] Level 5:colcon.colcon_core.verb:set package 'cpp_pubsub' build argument 'cmake_clean_cache' from command line to 'False'
[0.145s] Level 5:colcon.colcon_core.verb:set package 'cpp_pubsub' build argument 'cmake_clean_first' from command line to 'False'
[0.145s] Level 5:colcon.colcon_core.verb:set package 'cpp_pubsub' build argument 'cmake_force_configure' from command line to 'False'
[0.145s] Level 5:colcon.colcon_core.verb:set package 'cpp_pubsub' build argument 'ament_cmake_args' from command line to 'None'
[0.145s] Level 5:colcon.colcon_core.verb:set package 'cpp_pubsub' build argument 'catkin_cmake_args' from command line to 'None'
[0.145s] Level 5:colcon.colcon_core.verb:set package 'cpp_pubsub' build argument 'catkin_skip_building_tests' from command line to 'False'
[0.145s] DEBUG:colcon.colcon_core.verb:Building package 'cpp_pubsub' with the following arguments: {'ament_cmake_args': None, 'build_base': '/home/chart/Dev/dev_ws/src/cpp_pubsub/build/cpp_pubsub', 'catkin_cmake_args': None, 'catkin_skip_building_tests': False, 'cmake_args': None, 'cmake_clean_cache': False, 'cmake_clean_first': False, 'cmake_force_configure': False, 'cmake_target': None, 'cmake_target_skip_unavailable': False, 'install_base': '/home/chart/Dev/dev_ws/src/cpp_pubsub/install/cpp_pubsub', 'merge_install': False, 'path': '/home/chart/Dev/dev_ws/src/cpp_pubsub', 'symlink_install': True, 'test_result_base': None}
[0.146s] INFO:colcon.colcon_core.executor:Executing jobs using 'parallel' executor
[0.147s] DEBUG:colcon.colcon_parallel_executor.executor.parallel:run_until_complete
[0.148s] INFO:colcon.colcon_ros.task.ament_cmake.build:Building ROS package in '/home/chart/Dev/dev_ws/src/cpp_pubsub' with build type 'ament_cmake'
[0.148s] INFO:colcon.colcon_cmake.task.cmake.build:Building CMake package in '/home/chart/Dev/dev_ws/src/cpp_pubsub'
[0.151s] INFO:colcon.colcon_core.plugin_system:Skipping extension 'colcon_core.shell.bat': Not used on non-Windows systems
[0.152s] INFO:colcon.colcon_core.shell:Skip shell extension 'powershell' for command environment: Not usable outside of PowerShell
[0.152s] DEBUG:colcon.colcon_core.shell:Skip shell extension 'dsv' for command environment
[0.158s] DEBUG:colcon.colcon_core.event_handler.log_command:Invoking command in '/home/chart/Dev/dev_ws/src/cpp_pubsub/build/cpp_pubsub': /usr/bin/cmake /home/chart/Dev/dev_ws/src/cpp_pubsub -DAMENT_CMAKE_SYMLINK_INSTALL=1 -DCMAKE_INSTALL_PREFIX=/home/chart/Dev/dev_ws/src/cpp_pubsub/install/cpp_pubsub
[0.184s] DEBUG:colcon.colcon_core.event_handler.log_command:Invoked command in '/home/chart/Dev/dev_ws/src/cpp_pubsub/build/cpp_pubsub' returned '1': /usr/bin/cmake /home/chart/Dev/dev_ws/src/cpp_pubsub -DAMENT_CMAKE_SYMLINK_INSTALL=1 -DCMAKE_INSTALL_PREFIX=/home/chart/Dev/dev_ws/src/cpp_pubsub/install/cpp_pubsub
[0.191s] Level 1:colcon.colcon_core.environment:create_environment_scripts_only(cpp_pubsub)
[0.194s] Level 1:colcon.colcon_core.environment:checking '/home/chart/Dev/dev_ws/src/cpp_pubsub/install/cpp_pubsub' for CMake module files
[0.194s] Level 1:colcon.colcon_core.environment:checking '/home/chart/Dev/dev_ws/src/cpp_pubsub/install/cpp_pubsub' for CMake config files
[0.194s] Level 1:colcon.colcon_core.environment:checking '/home/chart/Dev/dev_ws/src/cpp_pubsub/install/cpp_pubsub/bin'
[0.195s] Level 1:colcon.colcon_core.environment:checking '/home/chart/Dev/dev_ws/src/cpp_pubsub/install/cpp_pubsub/lib/pkgconfig/cpp_pubsub.pc'
[0.195s] Level 1:colcon.colcon_core.environment:checking '/home/chart/Dev/dev_ws/src/cpp_pubsub/install/cpp_pubsub/lib/python3.8/site-packages'
[0.195s] INFO:colcon.colcon_core.shell:Creating package script '/home/chart/Dev/dev_ws/src/cpp_pubsub/install/cpp_pubsub/share/cpp_pubsub/package.ps1'
[0.196s] INFO:colcon.colcon_core.shell:Creating package descriptor '/home/chart/Dev/dev_ws/src/cpp_pubsub/install/cpp_pubsub/share/cpp_pubsub/package.dsv'
[0.196s] INFO:colcon.colcon_core.shell:Creating package script '/home/chart/Dev/dev_ws/src/cpp_pubsub/install/cpp_pubsub/share/cpp_pubsub/package.sh'
[0.197s] INFO:colcon.colcon_core.shell:Creating package script '/home/chart/Dev/dev_ws/src/cpp_pubsub/install/cpp_pubsub/share/cpp_pubsub/package.bash'
[0.197s] INFO:colcon.colcon_core.shell:Creating package script '/home/chart/Dev/dev_ws/src/cpp_pubsub/install/cpp_pubsub/share/cpp_pubsub/package.zsh'
[0.198s] Level 1:colcon.colcon_core.environment:create_file_with_runtime_dependencies(/home/chart/Dev/dev_ws/src/cpp_pubsub/install/cpp_pubsub/share/colcon-core/packages/cpp_pubsub)
[0.208s] DEBUG:colcon.colcon_parallel_executor.executor.parallel:closing loop
[0.208s] DEBUG:colcon.colcon_parallel_executor.executor.parallel:loop closed
[0.209s] DEBUG:colcon.colcon_parallel_executor.executor.parallel:run_until_complete finished with '1'
[0.209s] DEBUG:colcon.colcon_core.event_reactor:joining thread
[0.213s] INFO:colcon.colcon_core.plugin_system:Skipping extension 'colcon_notification.desktop_notification.terminal_notifier': Not used on non-Darwin systems
[0.213s] INFO:colcon.colcon_core.plugin_system:Skipping extension 'colcon_notification.desktop_notification.win32': Not used on non-Windows systems
[0.213s] INFO:colcon.colcon_notification.desktop_notification:Sending desktop notification using 'notify2'
[0.224s] DEBUG:colcon.colcon_core.event_reactor:joined thread
[0.225s] INFO:colcon.colcon_core.shell:Creating prefix script '/home/chart/Dev/dev_ws/src/cpp_pubsub/install/local_setup.ps1'
[0.226s] INFO:colcon.colcon_core.shell:Creating prefix util module '/home/chart/Dev/dev_ws/src/cpp_pubsub/install/_local_setup_util_ps1.py'
[0.227s] INFO:colcon.colcon_core.shell:Creating prefix chain script '/home/chart/Dev/dev_ws/src/cpp_pubsub/install/setup.ps1'
[0.230s] INFO:colcon.colcon_core.shell:Creating prefix script '/home/chart/Dev/dev_ws/src/cpp_pubsub/install/local_setup.sh'
[0.231s] INFO:colcon.colcon_core.shell:Creating prefix util module '/home/chart/Dev/dev_ws/src/cpp_pubsub/install/_local_setup_util_sh.py'
[0.231s] INFO:colcon.colcon_core.shell:Creating prefix chain script '/home/chart/Dev/dev_ws/src/cpp_pubsub/install/setup.sh'
[0.233s] INFO:colcon.colcon_core.shell:Creating prefix script '/home/chart/Dev/dev_ws/src/cpp_pubsub/install/local_setup.bash'
[0.233s] INFO:colcon.colcon_core.shell:Creating prefix chain script '/home/chart/Dev/dev_ws/src/cpp_pubsub/install/setup.bash'
[0.234s] INFO:colcon.colcon_core.shell:Creating prefix script '/home/chart/Dev/dev_ws/src/cpp_pubsub/install/local_setup.zsh'
[0.235s] INFO:colcon.colcon_core.shell:Creating prefix chain script '/home/chart/Dev/dev_ws/src/cpp_pubsub/install/setup.zsh'
