[0.016s] Invoking command in '/home/chart/Dev/dev_ws/src/cpp_pubsub/build/cpp_pubsub': /usr/bin/cmake --build /home/chart/Dev/dev_ws/src/cpp_pubsub/build/cpp_pubsub -- -j12 -l12
[0.049s] [35m[1mScanning dependencies of target listener[0m
[0.049s] [35m[1mScanning dependencies of target talker[0m
[0.070s] [ 25%] [32mBuilding CXX object CMakeFiles/listener.dir/src/subscriber_member_function.cpp.o[0m
[0.076s] [ 50%] [32mBuilding CXX object CMakeFiles/talker.dir/src/publisher_member_function.cpp.o[0m
[1.998s] [ 75%] [32m[1mLinking CXX executable talker[0m
[2.126s] [ 75%] Built target talker
[3.148s] [100%] [32m[1mLinking CXX executable listener[0m
[3.327s] [100%] Built target listener
[3.335s] Invoked command in '/home/chart/Dev/dev_ws/src/cpp_pubsub/build/cpp_pubsub' returned '0': /usr/bin/cmake --build /home/chart/Dev/dev_ws/src/cpp_pubsub/build/cpp_pubsub -- -j12 -l12
[3.361s] Invoking command in '/home/chart/Dev/dev_ws/src/cpp_pubsub/build/cpp_pubsub': /usr/bin/cmake --install /home/chart/Dev/dev_ws/src/cpp_pubsub/build/cpp_pubsub
[3.367s] -- Install configuration: ""
[3.367s] -- Installing: /home/chart/Dev/dev_ws/src/cpp_pubsub/install/cpp_pubsub/lib/cpp_pubsub/talker
[3.368s] -- Set runtime path of "/home/chart/Dev/dev_ws/src/cpp_pubsub/install/cpp_pubsub/lib/cpp_pubsub/talker" to ""
[3.368s] -- Installing: /home/chart/Dev/dev_ws/src/cpp_pubsub/install/cpp_pubsub/lib/cpp_pubsub/listener
[3.369s] -- Set runtime path of "/home/chart/Dev/dev_ws/src/cpp_pubsub/install/cpp_pubsub/lib/cpp_pubsub/listener" to ""
[3.369s] -- Installing: /home/chart/Dev/dev_ws/src/cpp_pubsub/install/cpp_pubsub/share/ament_index/resource_index/package_run_dependencies/cpp_pubsub
[3.370s] -- Installing: /home/chart/Dev/dev_ws/src/cpp_pubsub/install/cpp_pubsub/share/ament_index/resource_index/parent_prefix_path/cpp_pubsub
[3.370s] -- Installing: /home/chart/Dev/dev_ws/src/cpp_pubsub/install/cpp_pubsub/share/cpp_pubsub/environment/ament_prefix_path.sh
[3.370s] -- Installing: /home/chart/Dev/dev_ws/src/cpp_pubsub/install/cpp_pubsub/share/cpp_pubsub/environment/ament_prefix_path.dsv
[3.370s] -- Installing: /home/chart/Dev/dev_ws/src/cpp_pubsub/install/cpp_pubsub/share/cpp_pubsub/environment/path.sh
[3.370s] -- Installing: /home/chart/Dev/dev_ws/src/cpp_pubsub/install/cpp_pubsub/share/cpp_pubsub/environment/path.dsv
[3.370s] -- Installing: /home/chart/Dev/dev_ws/src/cpp_pubsub/install/cpp_pubsub/share/cpp_pubsub/local_setup.bash
[3.370s] -- Installing: /home/chart/Dev/dev_ws/src/cpp_pubsub/install/cpp_pubsub/share/cpp_pubsub/local_setup.sh
[3.371s] -- Installing: /home/chart/Dev/dev_ws/src/cpp_pubsub/install/cpp_pubsub/share/cpp_pubsub/local_setup.zsh
[3.371s] -- Installing: /home/chart/Dev/dev_ws/src/cpp_pubsub/install/cpp_pubsub/share/cpp_pubsub/local_setup.dsv
[3.371s] -- Up-to-date: /home/chart/Dev/dev_ws/src/cpp_pubsub/install/cpp_pubsub/share/cpp_pubsub/package.dsv
[3.371s] -- Installing: /home/chart/Dev/dev_ws/src/cpp_pubsub/install/cpp_pubsub/share/ament_index/resource_index/packages/cpp_pubsub
[3.371s] -- Installing: /home/chart/Dev/dev_ws/src/cpp_pubsub/install/cpp_pubsub/share/cpp_pubsub/cmake/cpp_pubsubConfig.cmake
[3.372s] -- Installing: /home/chart/Dev/dev_ws/src/cpp_pubsub/install/cpp_pubsub/share/cpp_pubsub/cmake/cpp_pubsubConfig-version.cmake
[3.372s] -- Installing: /home/chart/Dev/dev_ws/src/cpp_pubsub/install/cpp_pubsub/share/cpp_pubsub/package.xml
[3.374s] Invoked command in '/home/chart/Dev/dev_ws/src/cpp_pubsub/build/cpp_pubsub' returned '0': /usr/bin/cmake --install /home/chart/Dev/dev_ws/src/cpp_pubsub/build/cpp_pubsub
