[0.011s] Invoking command in '/home/chart/Dev/dev_ws/src/cpp_pubsub/build/cpp_pubsub': /usr/bin/cmake /home/chart/Dev/dev_ws/src/cpp_pubsub -DAMENT_CMAKE_SYMLINK_INSTALL=1 -DCMAKE_INSTALL_PREFIX=/home/chart/Dev/dev_ws/src/cpp_pubsub/install/cpp_pubsub
[0.055s] -- The C compiler identification is GNU 8.4.0
[0.095s] -- The CXX compiler identification is GNU 8.4.0
[0.099s] -- Check for working C compiler: /usr/bin/cc
[0.149s] -- Check for working C compiler: /usr/bin/cc -- works
[0.149s] -- Detecting C compiler ABI info
[0.197s] -- Detecting C compiler ABI info - done
[0.207s] -- Detecting C compile features
[0.207s] -- Detecting C compile features - done
[0.210s] -- Check for working CXX compiler: /usr/bin/c++
[0.266s] -- Check for working CXX compiler: /usr/bin/c++ -- works
[0.267s] -- Detecting CXX compiler ABI info
[0.325s] -- Detecting CXX compiler ABI info - done
[0.335s] -- Detecting CXX compile features
[0.335s] -- Detecting CXX compile features - done
[0.343s] CMake Error at CMakeLists.txt:19 (find_package):
[0.343s]   By not providing "Findament_cmake.cmake" in CMAKE_MODULE_PATH this project
[0.344s]   has asked CMake to find a package configuration file provided by
[0.344s]   "ament_cmake", but CMake did not find one.
[0.344s] 
[0.344s]   Could not find a package configuration file provided by "ament_cmake" with
[0.344s]   any of the following names:
[0.344s] 
[0.344s]     ament_cmakeConfig.cmake
[0.344s]     ament_cmake-config.cmake
[0.344s] 
[0.344s]   Add the installation prefix of "ament_cmake" to CMAKE_PREFIX_PATH or set
[0.344s]   "ament_cmake_DIR" to a directory containing one of the above files.  If
[0.344s]   "ament_cmake" provides a separate development package or SDK, be sure it
[0.344s]   has been installed.
[0.344s] 
[0.344s] 
[0.345s] -- Configuring incomplete, errors occurred!
[0.345s] See also "/home/chart/Dev/dev_ws/src/cpp_pubsub/build/cpp_pubsub/CMakeFiles/CMakeOutput.log".
[0.346s] Invoked command in '/home/chart/Dev/dev_ws/src/cpp_pubsub/build/cpp_pubsub' returned '1': /usr/bin/cmake /home/chart/Dev/dev_ws/src/cpp_pubsub -DAMENT_CMAKE_SYMLINK_INSTALL=1 -DCMAKE_INSTALL_PREFIX=/home/chart/Dev/dev_ws/src/cpp_pubsub/install/cpp_pubsub
