[0.016s] Invoking command in '/home/chart/Dev/dev_ws/src/cpp_pubsub/build/cpp_pubsub': /usr/bin/cmake /home/chart/Dev/dev_ws/src/cpp_pubsub -DAMENT_CMAKE_SYMLINK_INSTALL=1 -DCMAKE_INSTALL_PREFIX=/home/chart/Dev/dev_ws/src/cpp_pubsub/install/cpp_pubsub
[0.143s] -- The C compiler identification is GNU 8.4.0
[0.189s] -- The CXX compiler identification is GNU 8.4.0
[0.195s] -- Check for working C compiler: /usr/bin/cc
[0.247s] -- Check for working C compiler: /usr/bin/cc -- works
[0.249s] -- Detecting C compiler ABI info
[0.300s] -- Detecting C compiler ABI info - done
[0.310s] -- Detecting C compile features
[0.310s] -- Detecting C compile features - done
[0.314s] -- Check for working CXX compiler: /usr/bin/c++
[0.382s] -- Check for working CXX compiler: /usr/bin/c++ -- works
[0.383s] -- Detecting CXX compiler ABI info
[0.442s] -- Detecting CXX compiler ABI info - done
[0.452s] -- Detecting CXX compile features
[0.452s] -- Detecting CXX compile features - done
[0.461s] CMake Error at CMakeLists.txt:19 (find_package):
[0.461s]   By not providing "Findament_cmake.cmake" in CMAKE_MODULE_PATH this project
[0.461s]   has asked CMake to find a package configuration file provided by
[0.461s]   "ament_cmake", but CMake did not find one.
[0.461s] 
[0.461s]   Could not find a package configuration file provided by "ament_cmake" with
[0.461s]   any of the following names:
[0.461s] 
[0.462s]     ament_cmakeConfig.cmake
[0.462s]     ament_cmake-config.cmake
[0.462s] 
[0.462s]   Add the installation prefix of "ament_cmake" to CMAKE_PREFIX_PATH or set
[0.462s]   "ament_cmake_DIR" to a directory containing one of the above files.  If
[0.462s]   "ament_cmake" provides a separate development package or SDK, be sure it
[0.462s]   has been installed.
[0.462s] 
[0.462s] 
[0.462s] -- Configuring incomplete, errors occurred!
[0.462s] See also "/home/chart/Dev/dev_ws/src/cpp_pubsub/build/cpp_pubsub/CMakeFiles/CMakeOutput.log".
[0.464s] Invoked command in '/home/chart/Dev/dev_ws/src/cpp_pubsub/build/cpp_pubsub' returned '1': /usr/bin/cmake /home/chart/Dev/dev_ws/src/cpp_pubsub -DAMENT_CMAKE_SYMLINK_INSTALL=1 -DCMAKE_INSTALL_PREFIX=/home/chart/Dev/dev_ws/src/cpp_pubsub/install/cpp_pubsub
