[0.011s] Invoking command in '/home/chart/Dev/dev_ws/src/cpp_pubsub/build/cpp_pubsub': /usr/bin/cmake /home/chart/Dev/dev_ws/src/cpp_pubsub -DAMENT_CMAKE_SYMLINK_INSTALL=1 -DCMAKE_INSTALL_PREFIX=/home/chart/Dev/dev_ws/src/cpp_pubsub/install/cpp_pubsub
[0.024s] -- Found ament_cmake: 0.9.7 (/opt/ros/foxy/share/ament_cmake/cmake)
[0.040s] -- Using PYTHON_EXECUTABLE: /usr/bin/python3
[0.151s] Traceback (most recent call last):
[0.152s]   File "/opt/ros/foxy/share/ament_cmake_core/cmake/package_templates/templates_2_cmake.py", line 21, in <module>
[0.152s]     from ament_package.templates import get_environment_hook_template_path
[0.152s] ModuleNotFoundError: No module named 'ament_package'
[0.163s] CMake Error at /opt/ros/foxy/share/ament_cmake_core/cmake/ament_cmake_package_templates-extras.cmake:41 (message):
[0.164s]   execute_process(/usr/bin/python3
[0.164s]   /opt/ros/foxy/share/ament_cmake_core/cmake/package_templates/templates_2_cmake.py
[0.164s]   /home/chart/Dev/dev_ws/src/cpp_pubsub/build/cpp_pubsub/ament_cmake_package_templates/templates.cmake)
[0.164s]   returned error code 1
[0.164s] Call Stack (most recent call first):
[0.164s]   /opt/ros/foxy/share/ament_cmake_core/cmake/ament_cmake_coreConfig.cmake:41 (include)
[0.164s]   /opt/ros/foxy/share/ament_cmake/cmake/ament_cmake_export_dependencies-extras.cmake:15 (find_package)
[0.164s]   /opt/ros/foxy/share/ament_cmake/cmake/ament_cmakeConfig.cmake:41 (include)
[0.164s]   CMakeLists.txt:19 (find_package)
[0.164s] 
[0.164s] 
[0.164s] -- Configuring incomplete, errors occurred!
[0.164s] See also "/home/chart/Dev/dev_ws/src/cpp_pubsub/build/cpp_pubsub/CMakeFiles/CMakeOutput.log".
[0.164s] See also "/home/chart/Dev/dev_ws/src/cpp_pubsub/build/cpp_pubsub/CMakeFiles/CMakeError.log".
[0.166s] Invoked command in '/home/chart/Dev/dev_ws/src/cpp_pubsub/build/cpp_pubsub' returned '1': /usr/bin/cmake /home/chart/Dev/dev_ws/src/cpp_pubsub -DAMENT_CMAKE_SYMLINK_INSTALL=1 -DCMAKE_INSTALL_PREFIX=/home/chart/Dev/dev_ws/src/cpp_pubsub/install/cpp_pubsub
