[0.000000] (-) TimerEvent: {}
[0.000658] (cpp_pubsub) JobQueued: {'identifier': 'cpp_pubsub', 'dependencies': OrderedDict()}
[0.000813] (cpp_pubsub) JobStarted: {'identifier': 'cpp_pubsub'}
[0.009934] (cpp_pubsub) JobProgress: {'identifier': 'cpp_pubsub', 'progress': 'cmake'}
[0.010705] (cpp_pubsub) Command: {'cmd': ['/usr/bin/cmake', '/home/chart/Dev/dev_ws/src/cpp_pubsub', '-DCMAKE_BUILD_TYPE=Debug', '-DCMAKE_INSTALL_PREFIX=/home/chart/Dev/dev_ws/src/cpp_pubsub/install/cpp_pubsub'], 'cwd': '/home/chart/Dev/dev_ws/src/cpp_pubsub/build/cpp_pubsub', 'env': OrderedDict([('GJS_DEBUG_TOPICS', 'JS ERROR;JS LOG'), ('LESSOPEN', '| /usr/bin/lesspipe %s'), ('LANGUAGE', 'en_SG:en'), ('USER', 'chart'), ('SSH_AGENT_PID', '1928'), ('XDG_SESSION_TYPE', 'x11'), ('GIT_ASKPASS', '/snap/code/50/usr/share/code/resources/app/extensions/git/dist/askpass.sh'), ('SHLVL', '0'), ('HOME', '/home/chart'), ('CHROME_DESKTOP', 'code-url-handler.desktop'), ('CYCLONEDDS_URI', 'file:///home/chart/cyclonedds.xml'), ('TERM_PROGRAM_VERSION', '1.51.1'), ('DESKTOP_SESSION', 'ubuntu'), ('GIO_LAUNCHED_DESKTOP_FILE', '/var/lib/snapd/desktop/applications/code_code.desktop'), ('APPLICATION_INSIGHTS_NO_DIAGNOSTIC_CHANNEL', 'true'), ('GNOME_SHELL_SESSION_MODE', 'ubuntu'), ('GTK_MODULES', 'gail:atk-bridge'), ('VSCODE_GIT_ASKPASS_MAIN', '/snap/code/50/usr/share/code/resources/app/extensions/git/dist/askpass-main.js'), ('VSCODE_GIT_ASKPASS_NODE', '/snap/code/50/usr/share/code/code'), ('MANAGERPID', '1711'), ('DBUS_SESSION_BUS_ADDRESS', 'unix:path=/run/user/1000/bus'), ('COLORTERM', 'truecolor'), ('GIO_LAUNCHED_DESKTOP_FILE_PID', '3277'), ('IM_CONFIG_PHASE', '1'), ('LOGNAME', 'chart'), ('_', '/usr/bin/colcon'), ('JOURNAL_STREAM', '9:42920'), ('XDG_SESSION_CLASS', 'user'), ('USERNAME', 'chart'), ('TERM', 'xterm-256color'), ('GNOME_DESKTOP_SESSION_ID', 'this-is-deprecated'), ('WINDOWPATH', '2'), ('PATH', '/home/chart/.local/bin:/home/chart/.local/bin:/usr/local/sbin:/usr/local/bin:/usr/sbin:/usr/bin:/sbin:/bin:/usr/games:/usr/local/games:/snap/bin'), ('SESSION_MANAGER', 'local/chart-P95-96-97Ex-Rx:@/tmp/.ICE-unix/1963,unix/chart-P95-96-97Ex-Rx:/tmp/.ICE-unix/1963'), ('INVOCATION_ID', '2dfe120c0f804dcebb8310619c8d6586'), ('XDG_MENU_PREFIX', 'gnome-'), ('BAMF_DESKTOP_FILE_HINT', '/var/lib/snapd/desktop/applications/code_code.desktop'), ('XDG_RUNTIME_DIR', '/run/user/1000/snap.code'), ('DISPLAY', ':1'), ('LANG', 'en_US.UTF-8'), ('XDG_CURRENT_DESKTOP', 'Unity'), ('RMW_IMPLEMENTATION', 'rmw_cyclonedds_cpp'), ('XMODIFIERS', '@im=ibus'), ('XDG_SESSION_DESKTOP', 'ubuntu'), ('XAUTHORITY', '/run/user/1000/gdm/Xauthority'), ('VSCODE_GIT_IPC_HANDLE', '/run/user/1000/snap.code/vscode-git-6adf2147e9.sock'), ('TERM_PROGRAM', 'vscode'), ('SSH_AUTH_SOCK', '/run/user/1000/keyring/ssh'), ('GSETTINGS_SCHEMA_DIR', '/snap/code/50/usr/share/glib-2.0/schemas'), ('ORIGINAL_XDG_CURRENT_DESKTOP', 'ubuntu:GNOME'), ('SHELL', '/bin/bash'), ('DISABLE_WAYLAND', '1'), ('QT_ACCESSIBILITY', '1'), ('ROS_MASTER_URI', 'http://magni45.local:11311'), ('GDMSESSION', 'ubuntu'), ('LESSCLOSE', '/usr/bin/lesspipe %s %s'), ('GPG_AGENT_INFO', '/run/user/1000/gnupg/S.gpg-agent:0:1'), ('GJS_DEBUG_OUTPUT', 'stderr'), ('QT_IM_MODULE', 'ibus'), ('PWD', '/home/chart/Dev/dev_ws/src/cpp_pubsub/build/cpp_pubsub'), ('LC_ALL', 'en_US.UTF-8'), ('XDG_CONFIG_DIRS', '/etc/xdg/xdg-ubuntu:/etc/xdg'), ('XDG_DATA_DIRS', '/usr/share/ubuntu:/usr/local/share/:/usr/share/:/var/lib/snapd/desktop'), ('COLCON', '1'), ('EDITOR', 'vim')]), 'shell': False}
[0.031089] (cpp_pubsub) StderrLine: {'line': b'CMake Error at CMakeLists.txt:19 (find_package):\n'}
[0.031494] (cpp_pubsub) StderrLine: {'line': b'  By not providing "Findament_cmake.cmake" in CMAKE_MODULE_PATH this project\n'}
[0.031565] (cpp_pubsub) StderrLine: {'line': b'  has asked CMake to find a package configuration file provided by\n'}
[0.031620] (cpp_pubsub) StderrLine: {'line': b'  "ament_cmake", but CMake did not find one.\n'}
[0.031671] (cpp_pubsub) StderrLine: {'line': b'\n'}
[0.031720] (cpp_pubsub) StderrLine: {'line': b'  Could not find a package configuration file provided by "ament_cmake" with\n'}
[0.031776] (cpp_pubsub) StderrLine: {'line': b'  any of the following names:\n'}
[0.031825] (cpp_pubsub) StderrLine: {'line': b'\n'}
[0.031874] (cpp_pubsub) StderrLine: {'line': b'    ament_cmakeConfig.cmake\n'}
[0.031922] (cpp_pubsub) StderrLine: {'line': b'    ament_cmake-config.cmake\n'}
[0.031971] (cpp_pubsub) StderrLine: {'line': b'\n'}
[0.032019] (cpp_pubsub) StderrLine: {'line': b'  Add the installation prefix of "ament_cmake" to CMAKE_PREFIX_PATH or set\n'}
[0.032069] (cpp_pubsub) StderrLine: {'line': b'  "ament_cmake_DIR" to a directory containing one of the above files.  If\n'}
[0.032118] (cpp_pubsub) StderrLine: {'line': b'  "ament_cmake" provides a separate development package or SDK, be sure it\n'}
[0.032166] (cpp_pubsub) StderrLine: {'line': b'  has been installed.\n'}
[0.032214] (cpp_pubsub) StderrLine: {'line': b'\n'}
[0.032324] (cpp_pubsub) StderrLine: {'line': b'\n'}
[0.032408] (cpp_pubsub) StdoutLine: {'line': b'-- Configuring incomplete, errors occurred!\n'}
[0.032525] (cpp_pubsub) StdoutLine: {'line': b'See also "/home/chart/Dev/dev_ws/src/cpp_pubsub/build/cpp_pubsub/CMakeFiles/CMakeOutput.log".\n'}
[0.033228] (cpp_pubsub) CommandEnded: {'returncode': 1}
[0.050616] (cpp_pubsub) JobEnded: {'identifier': 'cpp_pubsub', 'rc': 1}
[0.061496] (-) EventReactorShutdown: {}
